<?xml version="1.0" encoding="UTF-8"?>
<!-- Generated by org.testng.reporters.JUnitXMLReporter -->
<testsuite hostname="Windows7-PC" ignored="0" name="GTPL_Bank_Test_Cases" tests="3" failures="0" timestamp="21 Sep 2020 05:35:54 GMT" time="32.068" errors="0">
  <testcase name="logiLogoTest" time="0.057" classname="com.GTPLBank.qa.testcases.LoginGTPLTest"/>
  <testcase name="loginPageTitleTest" time="0.017" classname="com.GTPLBank.qa.testcases.LoginGTPLTest"/>
  <testcase name="loginTest" time="2.91" classname="com.GTPLBank.qa.testcases.LoginGTPLTest"/>
</testsuite> <!-- GTPL_Bank_Test_Cases -->
