<?xml version="1.0" encoding="UTF-8"?>
<!-- Generated by org.testng.reporters.JUnitXMLReporter -->
<testsuite hostname="Windows7-PC" ignored="0" name="GTPL_Bank_Test_Cases" tests="3" failures="0" timestamp="20 Sep 2020 18:31:38 GMT" time="32.726" errors="0">
  <testcase name="logiLogoTest" time="0.055" classname="com.GTPLBank.qa.testcases.LoginGTPLTest"/>
  <testcase name="loginPageTitleTest" time="0.011" classname="com.GTPLBank.qa.testcases.LoginGTPLTest"/>
  <testcase name="loginTest" time="4.484" classname="com.GTPLBank.qa.testcases.LoginGTPLTest"/>
</testsuite> <!-- GTPL_Bank_Test_Cases -->
