<?xml version="1.0" encoding="UTF-8"?>
<!-- Generated by org.testng.reporters.JUnitXMLReporter -->
<testsuite hostname="Windows7-PC" ignored="0" name="Default test" tests="3" failures="0" timestamp="20 Sep 2020 17:15:05 GMT" time="75.711" errors="0">
  <testcase name="logiLogoTest" time="0.135" classname="com.GTPLBank.qa.testcases.LoginGTPLTest"/>
  <testcase name="loginPageTitleTest" time="0.014" classname="com.GTPLBank.qa.testcases.LoginGTPLTest"/>
  <testcase name="loginTest" time="22.338" classname="com.GTPLBank.qa.testcases.LoginGTPLTest"/>
</testsuite> <!-- Default test -->
